<?xml version="1.0" encoding="UTF-8"?>
<!-- Generated by org.testng.reporters.JUnitReportReporter -->
<testsuite hostname="abhinavdushettis-MacBook-Pro.local" failures="0" tests="1" name="PACKAGE1.RevealAccess" time="61.190" errors="0" timestamp="26 Nov. 2020 17:40:47 GMT" skipped="0">
  <testcase classname="PACKAGE1.RevealAccess" name="revealaccess" time="61.190"/>
</testsuite> <!-- PACKAGE1.RevealAccess -->
