<?xml version="1.0" encoding="UTF-8"?>
<!-- Generated by org.testng.reporters.JUnitReportReporter -->
<testsuite hostname="abhinavdushettis-MacBook-Pro.local" failures="0" tests="1" name="PACKAGE1.TemplatePreview" time="30.895" errors="0" timestamp="19 Feb. 2021 01:13:48 GMT" skipped="0">
  <testcase classname="PACKAGE1.TemplatePreview" name="templatepreview" time="30.895"/>
</testsuite> <!-- PACKAGE1.TemplatePreview -->
