<?xml version="1.0" encoding="UTF-8"?>
<!-- Generated by org.testng.reporters.JUnitReportReporter -->
<testsuite hostname="abhinavdushettis-MacBook-Pro.local" failures="0" tests="1" name="PACKAGE1.TemplatePreview" time="32.121" errors="0" timestamp="26 Nov. 2020 17:37:05 GMT" skipped="0">
  <testcase classname="PACKAGE1.TemplatePreview" name="templatepreview" time="32.121"/>
</testsuite> <!-- PACKAGE1.TemplatePreview -->
