<?xml version="1.0" encoding="UTF-8"?>
<!-- Generated by org.testng.reporters.JUnitReportReporter -->
<testsuite hostname="abhinavdushettis-MacBook-Pro.local" failures="0" tests="1" name="PACKAGE1.RevealAccess" time="61.005" errors="0" timestamp="19 Feb. 2021 01:37:47 GMT" skipped="0">
  <testcase classname="PACKAGE1.RevealAccess" name="revealaccess" time="61.005"/>
</testsuite> <!-- PACKAGE1.RevealAccess -->
