<?xml version="1.0" encoding="UTF-8"?>
<!-- Generated by org.testng.reporters.JUnitReportReporter -->
<testsuite hostname="abhinavdushettis-MacBook-Pro.local" failures="0" tests="1" name="PACKAGE1.CreateRevealLink" time="37.382" errors="0" timestamp="24 Nov. 2020 21:52:47 GMT" skipped="0">
  <testcase classname="PACKAGE1.CreateRevealLink" name="createreveallink" time="37.382"/>
</testsuite> <!-- PACKAGE1.CreateRevealLink -->
