<?xml version="1.0" encoding="UTF-8"?>
<!-- Generated by org.testng.reporters.JUnitReportReporter -->
<testsuite hostname="abhinavdushettis-MacBook-Pro.local" failures="0" tests="1" name="PACKAGE1.Test1" time="76.952" errors="0" timestamp="18 Nov. 2020 19:35:10 GMT" skipped="0">
  <testcase classname="PACKAGE1.Test1" name="test1" time="76.952"/>
</testsuite> <!-- PACKAGE1.Test1 -->
