<?xml version="1.0" encoding="UTF-8"?>
<!-- Generated by org.testng.reporters.JUnitReportReporter -->
<testsuite hostname="abhinavdushettis-MacBook-Pro.local" failures="0" tests="1" name="PACKAGE1.AccessingGratitudeReaction" time="63.598" errors="0" timestamp="19 Feb. 2021 15:33:10 GMT" skipped="0">
  <testcase classname="PACKAGE1.AccessingGratitudeReaction" name="accessinggratitudereaction" time="63.598"/>
</testsuite> <!-- PACKAGE1.AccessingGratitudeReaction -->
