<?xml version="1.0" encoding="UTF-8"?>
<!-- Generated by org.testng.reporters.JUnitReportReporter -->
<testsuite hostname="abhinavdushettis-MacBook-Pro.local" failures="0" tests="1" name="PACKAGE1.TemplateCreation" time="88.395" errors="0" timestamp="19 Feb. 2021 01:10:07 GMT" skipped="0">
  <testcase classname="PACKAGE1.TemplateCreation" name="Templatecreation" time="88.395"/>
</testsuite> <!-- PACKAGE1.TemplateCreation -->
